The system is: Windows - 10.0.18363 - AMD64
Compiling the C compiler identification source file "CMakeCCompilerId.c" succeeded.
Compiler: C:/Program Files (x86)/Microsoft Visual Studio/2017/Professional/VC/Tools/MSVC/14.16.27023/bin/Hostx86/x86/cl.exe 
Build flags: 
Id flags:  

The output was:
0
用于 x86 的 Microsoft (R) C/C++ 优化编译器 19.16.27042 版
版权所有(C) Microsoft Corporation。保留所有权利。

CMakeCCompilerId.c
Microsoft (R) Incremental Linker Version 14.16.27042.0
Copyright (C) Microsoft Corporation.  All rights reserved.

/out:CMakeCCompilerId.exe 
CMakeCCompilerId.obj 


Compilation of the C compiler identification source "CMakeCCompilerId.c" produced "CMakeCCompilerId.exe"

Compilation of the C compiler identification source "CMakeCCompilerId.c" produced "CMakeCCompilerId.obj"

The C compiler identification is MSVC, found in "D:/git/2021/202101/20210106-4/cmake-build-debug/CMakeFiles/3.17.5/CompilerIdC/CMakeCCompilerId.exe"

Determining if the C compiler works passed with the following output:
Change Dir: D:/git/2021/202101/20210106-4/cmake-build-debug/CMakeFiles/CMakeTmp

Run Build Command(s):nmake /nologo cmTC_0f27d\fast && 	"C:\Program Files (x86)\Microsoft Visual Studio\2017\Professional\VC\Tools\MSVC\14.16.27023\bin\HostX86\x86\nmake.exe"  -f CMakeFiles\cmTC_0f27d.dir\build.make /nologo -L                  CMakeFiles\cmTC_0f27d.dir\build
Building C object CMakeFiles/cmTC_0f27d.dir/testCCompiler.c.obj
	C:\PROGRA~2\MICROS~3\2017\PROFES~1\VC\Tools\MSVC\1416~1.270\bin\Hostx86\x86\cl.exe @C:\Users\86187\AppData\Local\Temp\nm5B15.tmp
testCCompiler.c
Linking C executable cmTC_0f27d.exe
	"D:\work\CLion\CLion 2020.2.5\bin\cmake\win\bin\cmake.exe" -E vs_link_exe --intdir=CMakeFiles\cmTC_0f27d.dir --rc=C:\PROGRA~2\WI3CF2~1\10\bin\100177~1.0\x86\rc.exe --mt=C:\PROGRA~2\WI3CF2~1\10\bin\100177~1.0\x86\mt.exe --manifests  -- C:\PROGRA~2\MICROS~3\2017\PROFES~1\VC\Tools\MSVC\1416~1.270\bin\Hostx86\x86\link.exe /nologo @CMakeFiles\cmTC_0f27d.dir\objects1.rsp @C:\Users\86187\AppData\Local\Temp\nm5BA2.tmp



Detecting C compiler ABI info compiled with the following output:
Change Dir: D:/git/2021/202101/20210106-4/cmake-build-debug/CMakeFiles/CMakeTmp

Run Build Command(s):nmake /nologo cmTC_7c77e\fast && 	"C:\Program Files (x86)\Microsoft Visual Studio\2017\Professional\VC\Tools\MSVC\14.16.27023\bin\HostX86\x86\nmake.exe"  -f CMakeFiles\cmTC_7c77e.dir\build.make /nologo -L                  CMakeFiles\cmTC_7c77e.dir\build
Building C object CMakeFiles/cmTC_7c77e.dir/CMakeCCompilerABI.c.obj
	C:\PROGRA~2\MICROS~3\2017\PROFES~1\VC\Tools\MSVC\1416~1.270\bin\Hostx86\x86\cl.exe @C:\Users\86187\AppData\Local\Temp\nm5F0C.tmp
CMakeCCompilerABI.c
Linking C executable cmTC_7c77e.exe
	"D:\work\CLion\CLion 2020.2.5\bin\cmake\win\bin\cmake.exe" -E vs_link_exe --intdir=CMakeFiles\cmTC_7c77e.dir --rc=C:\PROGRA~2\WI3CF2~1\10\bin\100177~1.0\x86\rc.exe --mt=C:\PROGRA~2\WI3CF2~1\10\bin\100177~1.0\x86\mt.exe --manifests  -- C:\PROGRA~2\MICROS~3\2017\PROFES~1\VC\Tools\MSVC\1416~1.270\bin\Hostx86\x86\link.exe /nologo @CMakeFiles\cmTC_7c77e.dir\objects1.rsp @C:\Users\86187\AppData\Local\Temp\nm5F8A.tmp



